Build started 10/06/2015 23:20:20.
     1>Project "C:\Users\Dan's PC\Desktop\Portfolio\Games\TowerDefense\Blank\dave.vcxproj" on node 2 (Build target(s)).
     1>ClCompile:
         C:\Program Files (x86)\Microsoft Visual Studio 11.0\VC\bin\CL.exe /c /ZI /nologo /W3 /WX- /Od /Oy- /D _MBCS /Gm /EHsc /RTC1 /MDd /GS /fp:precise /Zc:wchar_t /Zc:forScope /Fo"Debug\\" /Fd"Debug\vc110.pdb" /Gd /TP /analyze- /errorReport:prompt "..\..\..\..\..\..\Dan's PC\Desktop\Portfolio\Games\TowerDefense\Blank\src\Game.cpp" src\main.cpp
         Game.cpp
     1>c:\users\dan's pc\desktop\portfolio\games\towerdefense\blank\src\game.cpp(70): warning C4018: '<' : signed/unsigned mismatch
     1>c:\users\dan's pc\desktop\portfolio\games\towerdefense\blank\src\game.cpp(80): warning C4018: '<' : signed/unsigned mismatch
     1>c:\users\dan's pc\desktop\portfolio\games\towerdefense\blank\src\game.cpp(84): warning C4018: '<' : signed/unsigned mismatch
     1>c:\users\dan's pc\desktop\portfolio\games\towerdefense\blank\src\game.cpp(117): warning C4018: '<' : signed/unsigned mismatch
     1>c:\users\dan's pc\desktop\portfolio\games\towerdefense\blank\src\game.cpp(145): warning C4018: '<' : signed/unsigned mismatch
     1>c:\users\dan's pc\desktop\portfolio\games\towerdefense\blank\src\game.cpp(148): warning C4018: '<' : signed/unsigned mismatch
     1>c:\users\dan's pc\desktop\portfolio\games\towerdefense\blank\src\game.cpp(298): warning C4018: '<' : signed/unsigned mismatch
         Generating Code...
         Compiling...
         main.cpp
         Generating Code...
       Link:
         C:\Program Files (x86)\Microsoft Visual Studio 11.0\VC\bin\link.exe /ERRORREPORT:PROMPT /OUT:"C:\Users\Dan's PC\Desktop\Portfolio\Games\TowerDefense\Blank\Debug\dave.exe" /INCREMENTAL /NOLOGO "sfml-graphics-d.lib" "sfml-window-d.lib" "sfml-system-d.lib" kernel32.lib user32.lib gdi32.lib winspool.lib comdlg32.lib advapi32.lib shell32.lib ole32.lib oleaut32.lib uuid.lib odbc32.lib odbccp32.lib /MANIFEST /MANIFESTUAC:"level='asInvoker' uiAccess='false'" /manifest:embed /DEBUG /PDB:"C:\Users\Dan's PC\Desktop\Portfolio\Games\TowerDefense\Blank\Debug\dave.pdb" /TLBID:1 /DYNAMICBASE /NXCOMPAT /IMPLIB:"C:\Users\Dan's PC\Desktop\Portfolio\Games\TowerDefense\Blank\Debug\dave.lib" /MACHINE:X86 Debug\BasicTower.obj
         Debug\Bullet.obj
         Debug\Button.obj
         Debug\Enemy.obj
         Debug\EnemyController.obj
         Debug\FileLoader.obj
         Debug\Game.obj
         Debug\RavagerTower.obj
         Debug\SabTower.obj
         Debug\SenTower.obj
         Debug\SuperTower.obj
         Debug\SynTower.obj
         Debug\Tower.obj
         Debug\UI.obj
         Debug\Wave.obj
         Debug\Background.obj
         Debug\Collisions.obj
         Debug\main.obj
         Debug\vector2D.obj
         dave.vcxproj -> C:\Users\Dan's PC\Desktop\Portfolio\Games\TowerDefense\Blank\Debug\dave.exe
     1>Done Building Project "C:\Users\Dan's PC\Desktop\Portfolio\Games\TowerDefense\Blank\dave.vcxproj" (Build target(s)).

Build succeeded.

Time Elapsed 00:00:04.24
